0 info it worked if it ends with ok
1 verbose cli [ '/usr/local/bin/node', '/usr/local/bin/npm', 'start' ]
2 info using npm@3.10.5
3 info using node@v5.7.0
4 verbose run-script [ 'prestart', 'start', 'poststart' ]
5 info lifecycle egghead-react@1.0.0~prestart: egghead-react@1.0.0
6 silly lifecycle egghead-react@1.0.0~prestart: no script for prestart, continuing
7 info lifecycle egghead-react@1.0.0~start: egghead-react@1.0.0
8 verbose lifecycle egghead-react@1.0.0~start: unsafe-perm in lifecycle true
9 verbose lifecycle egghead-react@1.0.0~start: PATH: /usr/local/lib/node_modules/npm/bin/node-gyp-bin:/Users/rserur/Dropbox/side-projects/egghead-react/node_modules/.bin:/usr/local/bin:/Applications/Postgres.app/Contents/Versions/9.4/bin:/Users/rserur/.rvm/gems/ruby-2.2.1/bin:/Users/rserur/.rvm/gems/ruby-2.2.1@global/bin:/Users/rserur/.rvm/rubies/ruby-2.2.1/bin:/Library/Frameworks/Python.framework/Versions/2.7/bin:/Library/Frameworks/Python.framework/Versions/3.5/bin:/usr/local/bin:/usr/local/sbin:/usr/bin:/bin:/usr/sbin:/sbin:/opt/X11/bin:/Users/rserur/.rvm/bin:/opt/local/bin
10 verbose lifecycle egghead-react@1.0.0~start: CWD: /Users/rserur/Dropbox/side-projects/egghead-react
11 silly lifecycle egghead-react@1.0.0~start: Args: [ '-c', 'webpack-dev-server' ]
12 silly lifecycle egghead-react@1.0.0~start: Returned: code: 1  signal: null
13 info lifecycle egghead-react@1.0.0~start: Failed to exec start script
14 verbose stack Error: egghead-react@1.0.0 start: `webpack-dev-server`
14 verbose stack Exit status 1
14 verbose stack     at EventEmitter.<anonymous> (/usr/local/lib/node_modules/npm/lib/utils/lifecycle.js:242:16)
14 verbose stack     at emitTwo (events.js:100:13)
14 verbose stack     at EventEmitter.emit (events.js:185:7)
14 verbose stack     at ChildProcess.<anonymous> (/usr/local/lib/node_modules/npm/lib/utils/spawn.js:40:14)
14 verbose stack     at emitTwo (events.js:100:13)
14 verbose stack     at ChildProcess.emit (events.js:185:7)
14 verbose stack     at maybeClose (internal/child_process.js:827:16)
14 verbose stack     at Process.ChildProcess._handle.onexit (internal/child_process.js:211:5)
15 verbose pkgid egghead-react@1.0.0
16 verbose cwd /Users/rserur/Dropbox/side-projects/egghead-react
17 error Darwin 15.0.0
18 error argv "/usr/local/bin/node" "/usr/local/bin/npm" "start"
19 error node v5.7.0
20 error npm  v3.10.5
21 error code ELIFECYCLE
22 error egghead-react@1.0.0 start: `webpack-dev-server`
22 error Exit status 1
23 error Failed at the egghead-react@1.0.0 start script 'webpack-dev-server'.
23 error Make sure you have the latest version of node.js and npm installed.
23 error If you do, this is most likely a problem with the egghead-react package,
23 error not with npm itself.
23 error Tell the author that this fails on your system:
23 error     webpack-dev-server
23 error You can get information on how to open an issue for this project with:
23 error     npm bugs egghead-react
23 error Or if that isn't available, you can get their info via:
23 error     npm owner ls egghead-react
23 error There is likely additional logging output above.
24 verbose exit [ 1, true ]
